[debug] [2023-03-03T12:36:49.976Z] ----------------------------------------------------------------------
[debug] [2023-03-03T12:36:49.977Z] Command:       /Users/alexandreac/.nvm/versions/node/v18.12.1/bin/node /Users/alexandreac/.nvm/versions/node/v18.12.1/bin/firebase deploy
[debug] [2023-03-03T12:36:49.978Z] CLI Version:   11.24.0
[debug] [2023-03-03T12:36:49.978Z] Platform:      darwin
[debug] [2023-03-03T12:36:49.978Z] Node Version:  v18.12.1
[debug] [2023-03-03T12:36:49.980Z] Time:          Fri Mar 03 2023 14:36:49 GMT+0200 (Eastern European Standard Time)
[debug] [2023-03-03T12:36:49.980Z] ----------------------------------------------------------------------
[debug] 
[debug] [2023-03-03T12:36:50.044Z] > command requires scopes: ["email","openid","https://www.googleapis.com/auth/cloudplatformprojects.readonly","https://www.googleapis.com/auth/firebase","https://www.googleapis.com/auth/cloud-platform"]
[debug] [2023-03-03T12:36:50.044Z] > authorizing via signed-in user (alexandre.annic1@gmail.com)
[debug] [2023-03-03T12:36:50.044Z] [iam] checking project drc-periodic-review for permissions ["firebase.projects.get","firebasedatabase.instances.update","firebasehosting.sites.update"]
[debug] [2023-03-03T12:36:50.046Z] >>> [apiv2][query] POST https://cloudresourcemanager.googleapis.com/v1/projects/drc-periodic-review:testIamPermissions [none]
[debug] [2023-03-03T12:36:50.046Z] >>> [apiv2][(partial)header] POST https://cloudresourcemanager.googleapis.com/v1/projects/drc-periodic-review:testIamPermissions x-goog-quota-user=projects/drc-periodic-review
[debug] [2023-03-03T12:36:50.046Z] >>> [apiv2][body] POST https://cloudresourcemanager.googleapis.com/v1/projects/drc-periodic-review:testIamPermissions {"permissions":["firebase.projects.get","firebasedatabase.instances.update","firebasehosting.sites.update"]}
[debug] [2023-03-03T12:36:50.899Z] <<< [apiv2][status] POST https://cloudresourcemanager.googleapis.com/v1/projects/drc-periodic-review:testIamPermissions 200
[debug] [2023-03-03T12:36:50.899Z] <<< [apiv2][body] POST https://cloudresourcemanager.googleapis.com/v1/projects/drc-periodic-review:testIamPermissions {"permissions":["firebase.projects.get","firebasedatabase.instances.update","firebasehosting.sites.update"]}
[debug] [2023-03-03T12:36:50.901Z] >>> [apiv2][query] GET https://firebase.googleapis.com/v1beta1/projects/drc-periodic-review [none]
[debug] [2023-03-03T12:36:51.344Z] <<< [apiv2][status] GET https://firebase.googleapis.com/v1beta1/projects/drc-periodic-review 200
[debug] [2023-03-03T12:36:51.344Z] <<< [apiv2][body] GET https://firebase.googleapis.com/v1beta1/projects/drc-periodic-review {"projectId":"drc-periodic-review","projectNumber":"187381650480","displayName":"drc-periodic-review","name":"projects/drc-periodic-review","resources":{"hostingSite":"drc-periodic-review","realtimeDatabaseInstance":"drc-periodic-review-default-rtdb"},"state":"ACTIVE","etag":"1_75c7f496-9648-4298-a34b-2ae0a1247cb7"}
[debug] [2023-03-03T12:36:51.345Z] >>> [apiv2][query] GET https://firebase.googleapis.com/v1beta1/projects/drc-periodic-review [none]
[debug] [2023-03-03T12:36:51.738Z] <<< [apiv2][status] GET https://firebase.googleapis.com/v1beta1/projects/drc-periodic-review 200
[debug] [2023-03-03T12:36:51.738Z] <<< [apiv2][body] GET https://firebase.googleapis.com/v1beta1/projects/drc-periodic-review {"projectId":"drc-periodic-review","projectNumber":"187381650480","displayName":"drc-periodic-review","name":"projects/drc-periodic-review","resources":{"hostingSite":"drc-periodic-review","realtimeDatabaseInstance":"drc-periodic-review-default-rtdb"},"state":"ACTIVE","etag":"1_75c7f496-9648-4298-a34b-2ae0a1247cb7"}
[info] 
[info] === Deploying to 'drc-periodic-review'...
[info] 
[info] i  deploying database, hosting 
[info] i  database: checking rules syntax... 
[debug] [2023-03-03T12:36:51.741Z] >>> [apiv2][query] GET https://firebasedatabase.googleapis.com/v1beta/projects/drc-periodic-review/locations/-/instances/drc-periodic-review-default-rtdb [none]
[debug] [2023-03-03T12:36:52.148Z] <<< [apiv2][status] GET https://firebasedatabase.googleapis.com/v1beta/projects/drc-periodic-review/locations/-/instances/drc-periodic-review-default-rtdb 200
[debug] [2023-03-03T12:36:52.148Z] <<< [apiv2][body] GET https://firebasedatabase.googleapis.com/v1beta/projects/drc-periodic-review/locations/-/instances/drc-periodic-review-default-rtdb {"name":"projects/187381650480/locations/europe-west1/instances/drc-periodic-review-default-rtdb","project":"projects/187381650480","databaseUrl":"https://drc-periodic-review-default-rtdb.europe-west1.firebasedatabase.app","type":"DEFAULT_DATABASE","state":"ACTIVE"}
[debug] [2023-03-03T12:36:52.149Z] >>> [apiv2][query] PUT https://drc-periodic-review-default-rtdb.europe-west1.firebasedatabase.app/.settings/rules.json dryRun=true
[debug] [2023-03-03T12:36:52.149Z] >>> [apiv2][body] PUT https://drc-periodic-review-default-rtdb.europe-west1.firebasedatabase.app/.settings/rules.json "{\n  /* Visit https://firebase.google.com/docs/database/security to learn more about security rules. */\n  \"rules\": {\n    \".read\": false,\n    \".write\": false\n  }\n}"
[debug] [2023-03-03T12:36:52.278Z] <<< [apiv2][status] PUT https://drc-periodic-review-default-rtdb.europe-west1.firebasedatabase.app/.settings/rules.json 200
[debug] [2023-03-03T12:36:52.278Z] <<< [apiv2][body] PUT https://drc-periodic-review-default-rtdb.europe-west1.firebasedatabase.app/.settings/rules.json {"status":"ok"}
[info] ✔  database: rules syntax for database drc-periodic-review-default-rtdb is valid 
[debug] [2023-03-03T12:36:52.283Z] >>> [apiv2][query] POST https://firebasehosting.googleapis.com/v1beta1/projects/-/sites/drc-periodic-review/versions [none]
[debug] [2023-03-03T12:36:52.283Z] >>> [apiv2][body] POST https://firebasehosting.googleapis.com/v1beta1/projects/-/sites/drc-periodic-review/versions {"status":"CREATED","labels":{"deployment-tool":"cli-firebase"}}
[debug] [2023-03-03T12:36:53.581Z] <<< [apiv2][status] POST https://firebasehosting.googleapis.com/v1beta1/projects/-/sites/drc-periodic-review/versions 200
[debug] [2023-03-03T12:36:53.582Z] <<< [apiv2][body] POST https://firebasehosting.googleapis.com/v1beta1/projects/-/sites/drc-periodic-review/versions {"name":"projects/187381650480/sites/drc-periodic-review/versions/fe1d0d656640a74c","status":"CREATED","config":{},"labels":{"deployment-tool":"cli-firebase"}}
[info] i  hosting[drc-periodic-review]: beginning deploy... 
[info] i  hosting[drc-periodic-review]: found 12 files in build 
[debug] [2023-03-03T12:36:53.589Z] [hosting] uploading with 200 concurrency
[debug] [2023-03-03T12:36:53.915Z] [hosting] hash cache [YnVpbGQ] stored for 12 files
[debug] [2023-03-03T12:36:53.915Z] [hosting][hash queue][FINAL] {"max":319,"min":7,"avg":36.5,"active":0,"complete":12,"success":12,"errored":0,"retried":0,"total":12,"elapsed":324}
[debug] [2023-03-03T12:36:53.915Z] >>> [apiv2][query] POST https://firebasehosting.googleapis.com/v1beta1/projects/187381650480/sites/drc-periodic-review/versions/fe1d0d656640a74c:populateFiles [none]
[debug] [2023-03-03T12:36:53.915Z] >>> [apiv2][body] POST https://firebasehosting.googleapis.com/v1beta1/projects/187381650480/sites/drc-periodic-review/versions/fe1d0d656640a74c:populateFiles {"files":{"/asset-manifest.json":"8b48f1491940f732c07bea8636bbc95ccbadd5be2e99be72963ab9b598e7c5f5","/index.html":"d67d1bb4621c03d6548b687380695f3185bb375633880b51c10950a5e8fbf93e","/static/js/787.39a7f81f.chunk.js":"282d6fef64b228f2070bda7eeac6504db571d563f34dd3e874ef2c93885958b4","/favicon.ico":"b72f7455f00e4e58792d2bca892abb068e2213838c0316d6b7a0d6d16acd1955","/logo512.png":"191fc21360b4ccfb1cda11a1efb97f489ed22672ca83f4064316802bbfdd750e","/logo192.png":"caff018b7f1e8fd481eb1c50d75b0ef236bcd5078b1d15c8bb348453fee30293","/static/js/main.ab658910.js.LICENSE.txt":"01e48ecf88aadd1e2fed79d45be2640bd7a226c2f383a917edd4d6e393753729","/manifest.json":"341d52628782f8ac9290bbfc43298afccb47b7cbfcee146ae30cf0f46bc30900","/static/js/787.39a7f81f.chunk.js.map":"7f0f48eb93db582cc923d04335378ad03f2f2971e620ff6bc159080347e3dced","/robots.txt":"391d14b3c2f8c9143a27a28c7399585142228d4d1bdbe2c87ac946de411fa9a2","/static/js/main.ab658910.js":"4ad72629115876d1a9f93a22d9fd04601647a2db0874cab6c692d11c0a8fb7d7","/static/js/main.ab658910.js.map":"74745bd181f5ede56c2e30fa0adde03036525673397a887c3c27766c7c45bdec"}}
[debug] [2023-03-03T12:36:55.018Z] <<< [apiv2][status] POST https://firebasehosting.googleapis.com/v1beta1/projects/187381650480/sites/drc-periodic-review/versions/fe1d0d656640a74c:populateFiles 200
[debug] [2023-03-03T12:36:55.019Z] <<< [apiv2][body] POST https://firebasehosting.googleapis.com/v1beta1/projects/187381650480/sites/drc-periodic-review/versions/fe1d0d656640a74c:populateFiles {"uploadRequiredHashes":["8b48f1491940f732c07bea8636bbc95ccbadd5be2e99be72963ab9b598e7c5f5","74745bd181f5ede56c2e30fa0adde03036525673397a887c3c27766c7c45bdec","4ad72629115876d1a9f93a22d9fd04601647a2db0874cab6c692d11c0a8fb7d7","d67d1bb4621c03d6548b687380695f3185bb375633880b51c10950a5e8fbf93e"],"uploadUrl":"https://upload-firebasehosting.googleapis.com/upload/sites/drc-periodic-review/versions/fe1d0d656640a74c/files"}
[debug] [2023-03-03T12:36:55.020Z] >>> [apiv2][query] POST https://upload-firebasehosting.googleapis.com/upload/sites/drc-periodic-review/versions/fe1d0d656640a74c/files/8b48f1491940f732c07bea8636bbc95ccbadd5be2e99be72963ab9b598e7c5f5 [none]
[debug] [2023-03-03T12:36:55.020Z] >>> [apiv2][body] POST https://upload-firebasehosting.googleapis.com/upload/sites/drc-periodic-review/versions/fe1d0d656640a74c/files/8b48f1491940f732c07bea8636bbc95ccbadd5be2e99be72963ab9b598e7c5f5 [stream]
[debug] [2023-03-03T12:36:55.022Z] >>> [apiv2][query] POST https://upload-firebasehosting.googleapis.com/upload/sites/drc-periodic-review/versions/fe1d0d656640a74c/files/74745bd181f5ede56c2e30fa0adde03036525673397a887c3c27766c7c45bdec [none]
[debug] [2023-03-03T12:36:55.022Z] >>> [apiv2][body] POST https://upload-firebasehosting.googleapis.com/upload/sites/drc-periodic-review/versions/fe1d0d656640a74c/files/74745bd181f5ede56c2e30fa0adde03036525673397a887c3c27766c7c45bdec [stream]
[debug] [2023-03-03T12:36:55.023Z] >>> [apiv2][query] POST https://upload-firebasehosting.googleapis.com/upload/sites/drc-periodic-review/versions/fe1d0d656640a74c/files/4ad72629115876d1a9f93a22d9fd04601647a2db0874cab6c692d11c0a8fb7d7 [none]
[debug] [2023-03-03T12:36:55.023Z] >>> [apiv2][body] POST https://upload-firebasehosting.googleapis.com/upload/sites/drc-periodic-review/versions/fe1d0d656640a74c/files/4ad72629115876d1a9f93a22d9fd04601647a2db0874cab6c692d11c0a8fb7d7 [stream]
[debug] [2023-03-03T12:36:55.025Z] >>> [apiv2][query] POST https://upload-firebasehosting.googleapis.com/upload/sites/drc-periodic-review/versions/fe1d0d656640a74c/files/d67d1bb4621c03d6548b687380695f3185bb375633880b51c10950a5e8fbf93e [none]
[debug] [2023-03-03T12:36:55.025Z] >>> [apiv2][body] POST https://upload-firebasehosting.googleapis.com/upload/sites/drc-periodic-review/versions/fe1d0d656640a74c/files/d67d1bb4621c03d6548b687380695f3185bb375633880b51c10950a5e8fbf93e [stream]
[debug] [2023-03-03T12:36:55.026Z] [hosting][populate queue][FINAL] {"max":1106,"min":1106,"avg":1106,"active":0,"complete":1,"success":1,"errored":0,"retried":0,"total":1,"elapsed":1112}
[debug] [2023-03-03T12:36:55.026Z] [hosting] uploads queued: 4
